<?xml version="1.0" encoding="UTF-8"?>
<!-- Generated by org.testng.reporters.JUnitReportReporter -->
<testsuite skipped="0" hostname="DEV_TEST_JOYDIP" name="LTCPOfficel.Secure_UpdateCourier" tests="1" failures="0" timestamp="07 Dec 2018 09:16:06 GMT" time="45.715" errors="0">
  <testcase name="UpdateCourier_Testcase" time="45.715" classname="LTCPOfficel.Secure_UpdateCourier"/>
</testsuite> <!-- LTCPOfficel.Secure_UpdateCourier -->
