<?xml version="1.0" encoding="UTF-8"?>
<!-- Generated by org.testng.reporters.JUnitReportReporter -->
<testsuite skipped="0" hostname="DEV_TEST_JOYDIP" name="client.ClientUAT" tests="1" failures="0" timestamp="17 Dec 2018 12:32:46 GMT" time="68.812" errors="0">
  <testcase name="Client_UAT" time="68.812" classname="client.ClientUAT"/>
</testsuite> <!-- client.ClientUAT -->
