<?xml version="1.0" encoding="UTF-8"?>
<!-- Generated by org.testng.reporters.JUnitReportReporter -->
<testsuite skipped="1" hostname="DEV_TEST_JOYDIP" name="Utility.Datasheet" tests="1" failures="0" timestamp="22 Sep 2018 05:12:27 GMT" time="0.000" errors="0">
  <testcase name="readtest" time="0.000" classname="Utility.Datasheet">
    <skipped/>
  </testcase> <!-- readtest -->
</testsuite> <!-- Utility.Datasheet -->
