<?xml version="1.0" encoding="UTF-8"?>
<!-- Generated by org.testng.reporters.JUnitReportReporter -->
<testsuite skipped="0" hostname="DEV_TEST_JOYDIP" name="LTCPOfficel.Secure_Transection_monitortest" tests="1" failures="0" timestamp="07 Dec 2018 09:16:06 GMT" time="46.540" errors="0">
  <testcase name="Secure_Transmonitor_Testcase" time="46.540" classname="LTCPOfficel.Secure_Transection_monitortest"/>
</testsuite> <!-- LTCPOfficel.Secure_Transection_monitortest -->
