<?xml version="1.0" encoding="UTF-8"?>
<!-- Generated by org.testng.reporters.JUnitReportReporter -->
<testsuite skipped="0" hostname="DEV_TEST_JOYDIP" name="client.ClientUATSecure" tests="1" failures="0" timestamp="19 Dec 2018 11:40:07 GMT" time="265.709" errors="0">
  <testcase name="Client_UAT_office" time="265.709" classname="client.ClientUATSecure"/>
</testsuite> <!-- client.ClientUATSecure -->
