<?xml version="1.0" encoding="UTF-8"?>
<!-- Generated by org.testng.reporters.JUnitReportReporter -->
<testsuite skipped="0" hostname="DEV_TEST_JOYDIP" name="LTCPS.Project.Myrequest_MakepaymentTest" tests="1" failures="0" timestamp="07 Dec 2018 10:57:00 GMT" time="64.237" errors="0">
  <testcase name="MakePayment_Testcase" time="64.237" classname="LTCPS.Project.Myrequest_MakepaymentTest"/>
</testsuite> <!-- LTCPS.Project.Myrequest_MakepaymentTest -->
