<?xml version="1.0" encoding="UTF-8"?>
<!-- Generated by org.testng.reporters.JUnitReportReporter -->
<testsuite skipped="0" hostname="DEV_TEST_JOYDIP" name="LTCPOfficel.Secure_Logouttest" tests="1" failures="0" timestamp="15 Oct 2018 11:01:09 GMT" time="37.759" errors="0">
  <testcase name="Logout_testcase" time="37.759" classname="LTCPOfficel.Secure_Logouttest"/>
</testsuite> <!-- LTCPOfficel.Secure_Logouttest -->
