<?xml version="1.0" encoding="UTF-8"?>
<!-- Generated by org.testng.reporters.JUnitReportReporter -->
<testsuite skipped="0" hostname="DEV_TEST_JOYDIP" name="LTCPOfficel.Secure_UpdateCourierStatus" tests="1" failures="0" timestamp="07 Dec 2018 09:16:06 GMT" time="45.943" errors="0">
  <testcase name="UpdateCourierStatus_Testcase" time="45.943" classname="LTCPOfficel.Secure_UpdateCourierStatus"/>
</testsuite> <!-- LTCPOfficel.Secure_UpdateCourierStatus -->
