<?xml version="1.0" encoding="UTF-8"?>
<!-- Generated by org.testng.reporters.JUnitReportReporter -->
<testsuite skipped="0" hostname="DEV_TEST_JOYDIP" name="LTCPS.Project.Registrationtest" tests="1" failures="0" timestamp="07 Dec 2018 05:00:28 GMT" time="29.506" errors="0">
  <testcase name="Registration_TestCase" time="29.506" classname="LTCPS.Project.Registrationtest"/>
</testsuite> <!-- LTCPS.Project.Registrationtest -->
