<?xml version="1.0" encoding="UTF-8"?>
<!-- Generated by org.testng.reporters.JUnitReportReporter -->
<testsuite skipped="0" hostname="DEV_TEST_JOYDIP" name="LTCPOfficel.Secure_Transection_monitor_Reporttest" tests="1" failures="0" timestamp="03 Oct 2018 09:12:24 GMT" time="41.678" errors="0">
  <testcase name="Secure_Transmonitor_Report_Testcase" time="41.678" classname="LTCPOfficel.Secure_Transection_monitor_Reporttest"/>
</testsuite> <!-- LTCPOfficel.Secure_Transection_monitor_Reporttest -->
