<?xml version="1.0" encoding="UTF-8"?>
<!-- Generated by org.testng.reporters.JUnitReportReporter -->
<testsuite skipped="1" hostname="DEV_TEST_JOYDIP" name="LTCPS.Project.UpdateProfileTest" tests="2" failures="0" timestamp="07 Dec 2018 10:57:00 GMT" time="68.226" errors="0">
  <testcase name="Updateprofile_Testcase" time="37.672" classname="LTCPS.Project.UpdateProfileTest"/>
  <testcase name="Updateprofile_Testcase" time="30.554" classname="LTCPS.Project.UpdateProfileTest">
    <skipped/>
  </testcase> <!-- Updateprofile_Testcase -->
</testsuite> <!-- LTCPS.Project.UpdateProfileTest -->
