<?xml version="1.0" encoding="UTF-8"?>
<!-- Generated by org.testng.reporters.JUnitReportReporter -->
<testsuite skipped="0" hostname="DEV_TEST_JOYDIP" name="LTCPS.Project.ChangePassTest" tests="1" failures="0" timestamp="11 Jan 2019 03:53:30 GMT" time="54.821" errors="0">
  <testcase name="Changepassword_Testcase" time="54.821" classname="LTCPS.Project.ChangePassTest"/>
</testsuite> <!-- LTCPS.Project.ChangePassTest -->
