<?xml version="1.0" encoding="UTF-8"?>
<!-- Generated by org.testng.reporters.JUnitReportReporter -->
<testsuite skipped="1" hostname="DEV_TEST_JOYDIP" name="field_validation.Secure_Login_page_Validation" tests="6" failures="0" timestamp="07 Dec 2018 05:40:19 GMT" time="182.412" errors="0">
  <testcase name="S_Login_Blank_Password_Validation" time="30.077" classname="field_validation.Secure_Login_page_Validation"/>
  <testcase name="S_Login_Capcha_Validation" time="29.902" classname="field_validation.Secure_Login_page_Validation"/>
  <testcase name="S_Login_password_Validation" time="30.730" classname="field_validation.Secure_Login_page_Validation"/>
  <testcase name="S_Login_Capcha_Validation" time="30.921" classname="field_validation.Secure_Login_page_Validation">
    <skipped/>
  </testcase> <!-- S_Login_Capcha_Validation -->
  <testcase name="S_Login_Blank_Username_Validation" time="30.032" classname="field_validation.Secure_Login_page_Validation"/>
  <testcase name="S_Login_Username_Validation" time="30.750" classname="field_validation.Secure_Login_page_Validation"/>
</testsuite> <!-- field_validation.Secure_Login_page_Validation -->
