<?xml version="1.0" encoding="UTF-8"?>
<!-- Generated by org.testng.reporters.JUnitReportReporter -->
<testsuite skipped="1" hostname="DEV_TEST_JOYDIP" name="LTCPOfficel.Secure_Report_Payment_Consolidationtest" tests="2" failures="0" timestamp="07 Dec 2018 07:23:10 GMT" time="78.619" errors="0">
  <testcase name="Secure_Report_PaymentConsolidation_Testcase" time="49.681" classname="LTCPOfficel.Secure_Report_Payment_Consolidationtest"/>
  <testcase name="Secure_Report_PaymentConsolidation_Testcase" time="28.938" classname="LTCPOfficel.Secure_Report_Payment_Consolidationtest">
    <skipped/>
  </testcase> <!-- Secure_Report_PaymentConsolidation_Testcase -->
</testsuite> <!-- LTCPOfficel.Secure_Report_Payment_Consolidationtest -->
