<?xml version="1.0" encoding="UTF-8"?>
<!-- Generated by org.testng.reporters.JUnitReportReporter -->
<testsuite skipped="0" hostname="DEV_TEST_JOYDIP" name="LTCPS.Project.NewCertificatetest" tests="1" failures="0" timestamp="14 Dec 2018 09:16:39 GMT" time="44.427" errors="0">
  <testcase name="NewCertificate_Testcase" time="44.427" classname="LTCPS.Project.NewCertificatetest"/>
</testsuite> <!-- LTCPS.Project.NewCertificatetest -->
