<?xml version="1.0" encoding="UTF-8"?>
<!-- Generated by org.testng.reporters.JUnitReportReporter -->
<testsuite skipped="0" hostname="DEV_TEST_JOYDIP" name="LTCPOfficel.Secure_Report_couriertest" tests="1" failures="0" timestamp="07 Dec 2018 07:23:10 GMT" time="64.355" errors="0">
  <testcase name="Secure_Report_Courier_Testcase" time="64.355" classname="LTCPOfficel.Secure_Report_couriertest"/>
</testsuite> <!-- LTCPOfficel.Secure_Report_couriertest -->
