<?xml version="1.0" encoding="UTF-8"?>
<!-- Generated by org.testng.reporters.JUnitReportReporter -->
<testsuite skipped="2" hostname="DEV_TEST_JOYDIP" name="LTCPOfficel.Secure_Report_Paymentgatewaytest" tests="3" failures="0" timestamp="07 Dec 2018 07:23:10 GMT" time="113.768" errors="0">
  <testcase name="Secure_Report_payment_Testcase" time="54.483" classname="LTCPOfficel.Secure_Report_Paymentgatewaytest"/>
  <testcase name="Secure_Report_payment_Testcase" time="30.885" classname="LTCPOfficel.Secure_Report_Paymentgatewaytest">
    <skipped/>
  </testcase> <!-- Secure_Report_payment_Testcase -->
  <testcase name="Secure_Report_payment_Testcase" time="28.400" classname="LTCPOfficel.Secure_Report_Paymentgatewaytest">
    <skipped/>
  </testcase> <!-- Secure_Report_payment_Testcase -->
</testsuite> <!-- LTCPOfficel.Secure_Report_Paymentgatewaytest -->
