<?xml version="1.0" encoding="UTF-8"?>
<!-- Generated by org.testng.reporters.JUnitReportReporter -->
<testsuite skipped="0" hostname="DEV_TEST_JOYDIP" name="client.ClientUATCitizen" tests="1" failures="0" timestamp="23 Jan 2019 04:52:08 GMT" time="58.212" errors="0">
  <testcase name="Client_UAT_Citizen" time="58.212" classname="client.ClientUATCitizen"/>
</testsuite> <!-- client.ClientUATCitizen -->
