<?xml version="1.0" encoding="UTF-8"?>
<!-- Generated by org.testng.reporters.JUnitReportReporter -->
<testsuite skipped="0" hostname="DEV_TEST_JOYDIP" name="LTCPS.Project.Transection_monitortest" tests="1" failures="0" timestamp="27 Sep 2018 10:16:52 GMT" time="39.200" errors="0">
  <testcase name="Certificate_Testcase" time="39.200" classname="LTCPS.Project.Transection_monitortest"/>
</testsuite> <!-- LTCPS.Project.Transection_monitortest -->
