<?xml version="1.0" encoding="UTF-8"?>
<!-- Generated by org.testng.reporters.JUnitReportReporter -->
<testsuite skipped="1" hostname="DEV_TEST_JOYDIP" name="client.ClientUATCitizen" tests="2" failures="0" timestamp="19 Dec 2018 11:40:07 GMT" time="157.169" errors="0">
  <testcase name="Client_UAT_Citizen" time="77.044" classname="client.ClientUATCitizen"/>
  <testcase name="Client_UAT_Citizen" time="80.125" classname="client.ClientUATCitizen">
    <skipped/>
  </testcase> <!-- Client_UAT_Citizen -->
</testsuite> <!-- client.ClientUATCitizen -->
