<?xml version="1.0" encoding="UTF-8"?>
<!-- Generated by org.testng.reporters.JUnitReportReporter -->
<testsuite skipped="0" hostname="DEV_TEST_JOYDIP" name="field_validation.C_ChangePass_page_Validation" tests="4" failures="0" timestamp="07 Dec 2018 05:40:19 GMT" time="179.775" errors="0">
  <testcase name="C_change_NPassWord_Validation" time="35.107" classname="field_validation.C_ChangePass_page_Validation"/>
  <testcase name="C_same_N_C_PassWord_Validation" time="34.993" classname="field_validation.C_ChangePass_page_Validation"/>
  <testcase name="C_change_OPassWord_Validation" time="54.300" classname="field_validation.C_ChangePass_page_Validation"/>
  <testcase name="C_same_N_O_PassWord_Validation" time="55.375" classname="field_validation.C_ChangePass_page_Validation"/>
</testsuite> <!-- field_validation.C_ChangePass_page_Validation -->
