<?xml version="1.0" encoding="UTF-8"?>
<!-- Generated by org.testng.reporters.JUnitReportReporter -->
<testsuite skipped="0" hostname="DEV_TEST_JOYDIP" name="LTCPS.Project.Myrequest_MakepaymentTest" tests="1" failures="0" timestamp="13 Dec 2018 09:46:59 GMT" time="85.856" errors="0">
  <testcase name="MakePayment_Testcase" time="85.856" classname="LTCPS.Project.Myrequest_MakepaymentTest"/>
</testsuite> <!-- LTCPS.Project.Myrequest_MakepaymentTest -->
