<?xml version="1.0" encoding="UTF-8"?>
<!-- Generated by org.testng.reporters.JUnitReportReporter -->
<testsuite skipped="0" hostname="DEV_TEST_JOYDIP" name="LTCPS.Project.Transaction_monitortest" tests="1" failures="0" timestamp="11 Jan 2019 03:51:09 GMT" time="36.348" errors="0">
  <testcase name="Transection_Testcase" time="36.348" classname="LTCPS.Project.Transaction_monitortest"/>
</testsuite> <!-- LTCPS.Project.Transaction_monitortest -->
