<?xml version="1.0" encoding="UTF-8"?>
<!-- Generated by org.testng.reporters.JUnitReportReporter -->
<testsuite skipped="0" hostname="DEV_TEST_JOYDIP" name="LTCPS.Project.UpdateProfileTest" tests="1" failures="0" timestamp="11 Jan 2019 03:49:29 GMT" time="34.091" errors="0">
  <testcase name="Updateprofile_Testcase" time="34.091" classname="LTCPS.Project.UpdateProfileTest"/>
</testsuite> <!-- LTCPS.Project.UpdateProfileTest -->
