<?xml version="1.0" encoding="UTF-8"?>
<!-- Generated by org.testng.reporters.JUnitReportReporter -->
<testsuite skipped="0" hostname="DEV_TEST_JOYDIP" name="Utility.ReadDatasheet" tests="4" failures="0" timestamp="03 Oct 2018 07:15:33 GMT" time="0.000" errors="0">
  <testcase name="readtest" time="0.000" classname="Utility.ReadDatasheet"/>
  <testcase name="readtest" time="0.000" classname="Utility.ReadDatasheet"/>
  <testcase name="readtest" time="0.000" classname="Utility.ReadDatasheet"/>
  <testcase name="readtest" time="0.000" classname="Utility.ReadDatasheet"/>
</testsuite> <!-- Utility.ReadDatasheet -->
