<?xml version="1.0" encoding="UTF-8"?>
<!-- Generated by org.testng.reporters.JUnitReportReporter -->
<testsuite skipped="0" hostname="DEV_TEST_JOYDIP" name="LTCPS.Project.Logouttest" tests="1" failures="0" timestamp="07 Dec 2018 09:16:06 GMT" time="32.344" errors="0">
  <testcase name="Logout_testcase" time="32.344" classname="LTCPS.Project.Logouttest"/>
</testsuite> <!-- LTCPS.Project.Logouttest -->
