<?xml version="1.0" encoding="UTF-8"?>
<!-- Generated by org.testng.reporters.JUnitReportReporter -->
<testsuite skipped="0" hostname="DEV_TEST_JOYDIP" name="field_validation.C_Login_page_Validation" tests="5" failures="0" timestamp="07 Dec 2018 05:40:19 GMT" time="152.173" errors="0">
  <testcase name="C_Login_password_Validation" time="30.246" classname="field_validation.C_Login_page_Validation"/>
  <testcase name="C_Login_Username_Validation" time="30.418" classname="field_validation.C_Login_page_Validation"/>
  <testcase name="C_Login_Blank_Password_Validation" time="30.156" classname="field_validation.C_Login_page_Validation"/>
  <testcase name="C_Login_Capcha_Validation" time="30.699" classname="field_validation.C_Login_page_Validation"/>
  <testcase name="C_Login_Blank_Username_Validation" time="30.654" classname="field_validation.C_Login_page_Validation"/>
</testsuite> <!-- field_validation.C_Login_page_Validation -->
