<?xml version="1.0" encoding="UTF-8"?>
<!-- Generated by org.testng.reporters.JUnitReportReporter -->
<testsuite skipped="0" hostname="DEV_TEST_JOYDIP" name="LTCPS.Project.ChangePassTest" tests="1" failures="0" timestamp="07 Dec 2018 10:57:00 GMT" time="56.612" errors="0">
  <testcase name="Changepassword_Testcase" time="56.612" classname="LTCPS.Project.ChangePassTest"/>
</testsuite> <!-- LTCPS.Project.ChangePassTest -->
