<?xml version="1.0" encoding="UTF-8"?>
<!-- Generated by org.testng.reporters.JUnitReportReporter -->
<testsuite skipped="0" hostname="DEV_TEST_JOYDIP" name="LTCPOfficel.secure_Logintest" tests="1" failures="0" timestamp="28 Sep 2018 04:46:31 GMT" time="37.070" errors="0">
  <testcase name="Login_testcase" time="37.070" classname="LTCPOfficel.secure_Logintest"/>
</testsuite> <!-- LTCPOfficel.secure_Logintest -->
