<?xml version="1.0" encoding="UTF-8"?>
<!-- Generated by org.testng.reporters.JUnitReportReporter -->
<testsuite skipped="0" hostname="DEV_TEST_JOYDIP" name="LTCPS.Project.NewCertificatetest" tests="1" failures="0" timestamp="07 Dec 2018 10:57:00 GMT" time="47.958" errors="0">
  <testcase name="NewCertificate_Testcase" time="47.958" classname="LTCPS.Project.NewCertificatetest"/>
</testsuite> <!-- LTCPS.Project.NewCertificatetest -->
