<?xml version="1.0" encoding="UTF-8"?>
<!-- Generated by org.testng.reporters.JUnitReportReporter -->
<testsuite skipped="0" hostname="DEV_TEST_JOYDIP" name="LTCPS.Project.GmailLoginTest" tests="1" failures="0" timestamp="24 Sep 2018 04:38:03 GMT" time="66.647" errors="0">
  <testcase name="GLoginTest" time="66.647" classname="LTCPS.Project.GmailLoginTest"/>
</testsuite> <!-- LTCPS.Project.GmailLoginTest -->
