<?xml version="1.0" encoding="UTF-8"?>
<!-- Generated by org.testng.reporters.JUnitReportReporter -->
<testsuite skipped="0" hostname="DEV_TEST_JOYDIP" name="LTCPOfficel.Secure_Report_Package_FileTest" tests="1" failures="0" timestamp="07 Dec 2018 07:23:10 GMT" time="51.709" errors="0">
  <testcase name="Secure_Report_Package_Testcase" time="51.709" classname="LTCPOfficel.Secure_Report_Package_FileTest"/>
</testsuite> <!-- LTCPOfficel.Secure_Report_Package_FileTest -->
