<?xml version="1.0" encoding="UTF-8"?>
<!-- Generated by org.testng.reporters.JUnitReportReporter -->
<testsuite skipped="0" hostname="DEV_TEST_JOYDIP" name="LTCPOfficel.Secure_PrintCertificatetest" tests="1" failures="0" timestamp="07 Dec 2018 09:16:06 GMT" time="52.172" errors="0">
  <testcase name="Secure_PrintCertificate_Testcase" time="52.172" classname="LTCPOfficel.Secure_PrintCertificatetest"/>
</testsuite> <!-- LTCPOfficel.Secure_PrintCertificatetest -->
