<?xml version="1.0" encoding="UTF-8"?>
<!-- Generated by org.testng.reporters.JUnitReportReporter -->
<testsuite skipped="0" hostname="DEV_TEST_JOYDIP" name="LTCPS.Project.Transaction_monitortest" tests="1" failures="0" timestamp="07 Dec 2018 09:16:06 GMT" time="36.855" errors="0">
  <testcase name="Transection_Testcase" time="36.855" classname="LTCPS.Project.Transaction_monitortest"/>
</testsuite> <!-- LTCPS.Project.Transaction_monitortest -->
