<?xml version="1.0" encoding="UTF-8"?>
<!-- Generated by org.testng.reporters.JUnitReportReporter -->
<testsuite skipped="0" hostname="DEV_TEST_JOYDIP" name="LTCPOfficel.Secure_Report_Transection_monitortest" tests="1" failures="0" timestamp="07 Dec 2018 07:23:10 GMT" time="50.235" errors="0">
  <testcase name="Secure_Report_Transmonitor_Testcase" time="50.235" classname="LTCPOfficel.Secure_Report_Transection_monitortest"/>
</testsuite> <!-- LTCPOfficel.Secure_Report_Transection_monitortest -->
