<?xml version="1.0" encoding="UTF-8"?>
<!-- Generated by org.testng.reporters.JUnitReportReporter -->
<testsuite skipped="0" hostname="DEV_TEST_JOYDIP" name="LTCPS.Project.RegVerification" tests="1" failures="0" timestamp="24 Sep 2018 05:29:14 GMT" time="69.656" errors="0">
  <testcase name="GLoginTest" time="69.656" classname="LTCPS.Project.RegVerification"/>
</testsuite> <!-- LTCPS.Project.RegVerification -->
