<?xml version="1.0" encoding="UTF-8"?>
<!-- Generated by org.testng.reporters.JUnitReportReporter -->
<testsuite skipped="0" hostname="DEV_TEST_JOYDIP" name="Utility.WriteSheet" tests="1" failures="0" timestamp="25 Sep 2018 05:25:26 GMT" time="0.556" errors="0">
  <testcase name="Test" time="0.556" classname="Utility.WriteSheet"/>
</testsuite> <!-- Utility.WriteSheet -->
